Using pre-set license
Desktop is 1920 x 1080 @ 60 Hz

 COMMAND LINE ARGUMENTS:
Unity
-adb2
-batchMode
-noUpm
-name
AssetImportWorker0
-projectPath
/home/jonatan/Open-Ski-Jumping
-logFile
Logs/AssetImportWorker0.log
-srvPort
34105
Successfully changed project path to: /home/jonatan/Open-Ski-Jumping
/home/jonatan/Open-Ski-Jumping
Using Asset Import Pipeline V2.
Refreshing native plugins compatible for Editor in 97,06 ms, found 1 plugins.
Preloading 0 native plugins for Editor in 0,00 ms.
Initialize engine version: 2020.3.0f1 (c7b5465681fb)
[Subsystems] Discovering subsystems at path /home/jonatan/Unity/Hub/Editor/2020.3.0f1/Editor/Data/Resources/UnitySubsystems
[Subsystems] Discovering subsystems at path /home/jonatan/Open-Ski-Jumping/Assets
GfxDevice: creating device client; threaded=0
[vulkan] LoadVulkanLibrary libvulkan.so.1[vulkan] Loaded instance function vkGetInstanceProcAddr
[vulkan] Loaded instance function vkGetInstanceProcAddr
[vulkan] Loaded instance function vkCreateInstance
[vulkan] Loaded instance function vkEnumerateInstanceExtensionProperties
[vulkan] Loaded instance function vkEnumerateInstanceLayerProperties
[vulkan] Loaded instance function vkEnumerateInstanceVersion
[Vulkan init] extensions: count=18
[Vulkan init] extensions: name=VK_KHR_device_group_creation, enabled=0
[Vulkan init] extensions: name=VK_KHR_display, enabled=1
[Vulkan init] extensions: name=VK_KHR_external_fence_capabilities, enabled=0
[Vulkan init] extensions: name=VK_KHR_external_memory_capabilities, enabled=0
[Vulkan init] extensions: name=VK_KHR_external_semaphore_capabilities, enabled=0
[Vulkan init] extensions: name=VK_KHR_get_display_properties2, enabled=0
[Vulkan init] extensions: name=VK_KHR_get_physical_device_properties2, enabled=1
[Vulkan init] extensions: name=VK_KHR_get_surface_capabilities2, enabled=0
[Vulkan init] extensions: name=VK_KHR_surface, enabled=1
[Vulkan init] extensions: name=VK_KHR_surface_protected_capabilities, enabled=0
[Vulkan init] extensions: name=VK_KHR_wayland_surface, enabled=0
[Vulkan init] extensions: name=VK_KHR_xcb_surface, enabled=0
[Vulkan init] extensions: name=VK_KHR_xlib_surface, enabled=1
[Vulkan init] extensions: name=VK_EXT_acquire_xlib_display, enabled=0
[Vulkan init] extensions: name=VK_EXT_debug_report, enabled=1
[Vulkan init] extensions: name=VK_EXT_direct_mode_display, enabled=0
[Vulkan init] extensions: name=VK_EXT_display_surface_counter, enabled=0
[Vulkan init] extensions: name=VK_EXT_debug_utils, enabled=0
[vulkan] Loaded instance function vkDestroyInstance
[vulkan] Loaded instance function vkGetPhysicalDeviceProperties
[vulkan] Loaded instance function vkEnumeratePhysicalDevices
INTEL-MESA: warning: Performance support disabled, consider sysctl dev.i915.perf_stream_paranoid=0

Vulkan detection: 2
[Vulkan init] extensions: count=18
[Vulkan init] extensions: name=VK_KHR_device_group_creation, enabled=0
[Vulkan init] extensions: name=VK_KHR_display, enabled=1
[Vulkan init] extensions: name=VK_KHR_external_fence_capabilities, enabled=0
[Vulkan init] extensions: name=VK_KHR_external_memory_capabilities, enabled=0
[Vulkan init] extensions: name=VK_KHR_external_semaphore_capabilities, enabled=0
[Vulkan init] extensions: name=VK_KHR_get_display_properties2, enabled=0
[Vulkan init] extensions: name=VK_KHR_get_physical_device_properties2, enabled=1
[Vulkan init] extensions: name=VK_KHR_get_surface_capabilities2, enabled=0
[Vulkan init] extensions: name=VK_KHR_surface, enabled=1
[Vulkan init] extensions: name=VK_KHR_surface_protected_capabilities, enabled=0
[Vulkan init] extensions: name=VK_KHR_wayland_surface, enabled=0
[Vulkan init] extensions: name=VK_KHR_xcb_surface, enabled=0
[Vulkan init] extensions: name=VK_KHR_xlib_surface, enabled=1
[Vulkan init] extensions: name=VK_EXT_acquire_xlib_display, enabled=0
[Vulkan init] extensions: name=VK_EXT_debug_report, enabled=1
[Vulkan init] extensions: name=VK_EXT_direct_mode_display, enabled=0
[Vulkan init] extensions: name=VK_EXT_display_surface_counter, enabled=0
[Vulkan init] extensions: name=VK_EXT_debug_utils, enabled=0
[vulkan] Loaded instance function vkDestroyInstance
[vulkan] Loaded instance function vkGetPhysicalDeviceProperties
[vulkan] Loaded instance function vkEnumeratePhysicalDevices
[vulkan] Loaded instance function vkGetDeviceProcAddr
[vulkan] Loaded instance function vkGetPhysicalDeviceFeatures
[vulkan] Loaded instance function vkGetPhysicalDeviceFormatProperties
[vulkan] Loaded instance function vkGetPhysicalDeviceImageFormatProperties
[vulkan] Loaded instance function vkGetPhysicalDeviceQueueFamilyProperties
[vulkan] Loaded instance function vkGetPhysicalDeviceMemoryProperties
[vulkan] Loaded instance function vkCreateDevice
[vulkan] Loaded instance function vkEnumerateDeviceExtensionProperties
[vulkan] Loaded instance function vkEnumerateDeviceLayerProperties
[vulkan] Loaded instance function vkGetPhysicalDeviceSparseImageFormatProperties
[vulkan] Loaded instance function vkDestroySurfaceKHR
[vulkan] Loaded instance function vkGetPhysicalDeviceSurfaceSupportKHR
[vulkan] Loaded instance function vkGetPhysicalDeviceSurfaceCapabilitiesKHR
[vulkan] Loaded instance function vkGetPhysicalDeviceSurfaceFormatsKHR
[vulkan] Loaded instance function vkGetPhysicalDeviceSurfacePresentModesKHR
[vulkan] Loaded instance function vkCreateSwapchainKHR
[vulkan] Loaded instance function vkDestroySwapchainKHR
[vulkan] Loaded instance function vkGetSwapchainImagesKHR
[vulkan] Loaded instance function vkAcquireNextImageKHR
[vulkan] Loaded instance function vkQueuePresentKHR
[vulkan] Loaded instance function vkGetPhysicalDeviceDisplayPropertiesKHR
[vulkan] Loaded instance function vkGetPhysicalDeviceDisplayPlanePropertiesKHR
[vulkan] Loaded instance function vkGetDisplayPlaneSupportedDisplaysKHR
[vulkan] Loaded instance function vkGetDisplayModePropertiesKHR
[vulkan] Loaded instance function vkCreateDisplayModeKHR
[vulkan] Loaded instance function vkGetDisplayPlaneCapabilitiesKHR
[vulkan] Loaded instance function vkCreateDisplayPlaneSurfaceKHR
[vulkan] Loaded instance function vkCreateSharedSwapchainsKHR
[vulkan] Loaded instance function vkCreateXlibSurfaceKHR
[vulkan] Loaded instance function vkGetPhysicalDeviceXlibPresentationSupportKHR
[vulkan] Loaded instance function vkSetHdrMetadataEXT
[vulkan] Loaded instance function vkGetPhysicalDeviceFeatures2KHR
[vulkan] Loaded instance function vkGetPhysicalDeviceProperties2KHR
[vulkan] Loaded instance function vkGetPhysicalDeviceFormatProperties2KHR
[vulkan] Loaded instance function vkGetPhysicalDeviceImageFormatProperties2KHR
[vulkan] Loaded instance function vkGetPhysicalDeviceQueueFamilyProperties2KHR
[vulkan] Loaded instance function vkGetPhysicalDeviceMemoryProperties2KHR
[vulkan] Loaded instance function vkGetPhysicalDeviceSparseImageFormatProperties2KHR
[Vulkan init] SelectPhysicalDevice requestedDeviceIndex=-1 xrDevice=(nil)
INTEL-MESA: warning: Performance support disabled, consider sysctl dev.i915.perf_stream_paranoid=0

[Vulkan init] Physical Device 0x556f098e0bd0 [0]: "Intel(R) HD Graphics 530 (SKL GT2)" deviceType=1 vendorID=8086 deviceID=191b
[Vulkan init] Physical Device 0x556f09793f80 [1]: "Quadro M1000M" deviceType=2 vendorID=10de deviceID=13b1
[Vulkan init] Selected physical device 0x556f09793f80
[Vulkan init] Graphics queue count=1
[Vulkan init] extensions: count=93
[Vulkan init] extensions: name=VK_KHR_16bit_storage, enabled=0
[Vulkan init] extensions: name=VK_KHR_8bit_storage, enabled=0
[Vulkan init] extensions: name=VK_KHR_bind_memory2, enabled=0
[Vulkan init] extensions: name=VK_KHR_buffer_device_address, enabled=0
[Vulkan init] extensions: name=VK_KHR_copy_commands2, enabled=0
[Vulkan init] extensions: name=VK_KHR_create_renderpass2, enabled=1
[Vulkan init] extensions: name=VK_KHR_dedicated_allocation, enabled=1
[Vulkan init] extensions: name=VK_KHR_depth_stencil_resolve, enabled=1
[Vulkan init] extensions: name=VK_KHR_descriptor_update_template, enabled=1
[Vulkan init] extensions: name=VK_KHR_device_group, enabled=0
[Vulkan init] extensions: name=VK_KHR_draw_indirect_count, enabled=0
[Vulkan init] extensions: name=VK_KHR_driver_properties, enabled=0
[Vulkan init] extensions: name=VK_KHR_external_fence, enabled=0
[Vulkan init] extensions: name=VK_KHR_external_fence_fd, enabled=0
[Vulkan init] extensions: name=VK_KHR_external_memory, enabled=0
[Vulkan init] extensions: name=VK_KHR_external_memory_fd, enabled=0
[Vulkan init] extensions: name=VK_KHR_external_semaphore, enabled=0
[Vulkan init] extensions: name=VK_KHR_external_semaphore_fd, enabled=0
[Vulkan init] extensions: name=VK_KHR_get_memory_requirements2, enabled=1
[Vulkan init] extensions: name=VK_KHR_image_format_list, enabled=1
[Vulkan init] extensions: name=VK_KHR_imageless_framebuffer, enabled=0
[Vulkan init] extensions: name=VK_KHR_maintenance1, enabled=1
[Vulkan init] extensions: name=VK_KHR_maintenance2, enabled=1
[Vulkan init] extensions: name=VK_KHR_maintenance3, enabled=0
[Vulkan init] extensions: name=VK_KHR_multiview, enabled=1
[Vulkan init] extensions: name=VK_KHR_pipeline_executable_properties, enabled=0
[Vulkan init] extensions: name=VK_KHR_push_descriptor, enabled=0
[Vulkan init] extensions: name=VK_KHR_relaxed_block_layout, enabled=0
[Vulkan init] extensions: name=VK_KHR_sampler_mirror_clamp_to_edge, enabled=1
[Vulkan init] extensions: name=VK_KHR_sampler_ycbcr_conversion, enabled=0
[Vulkan init] extensions: name=VK_KHR_separate_depth_stencil_layouts, enabled=0
[Vulkan init] extensions: name=VK_KHR_shader_atomic_int64, enabled=0
[Vulkan init] extensions: name=VK_KHR_shader_clock, enabled=0
[Vulkan init] extensions: name=VK_KHR_shader_draw_parameters, enabled=0
[Vulkan init] extensions: name=VK_KHR_shader_float16_int8, enabled=0
[Vulkan init] extensions: name=VK_KHR_shader_float_controls, enabled=0
[Vulkan init] extensions: name=VK_KHR_shader_non_semantic_info, enabled=0
[Vulkan init] extensions: name=VK_KHR_shader_subgroup_extended_types, enabled=0
[Vulkan init] extensions: name=VK_KHR_shader_terminate_invocation, enabled=0
[Vulkan init] extensions: name=VK_KHR_spirv_1_4, enabled=0
[Vulkan init] extensions: name=VK_KHR_storage_buffer_storage_class, enabled=0
[Vulkan init] extensions: name=VK_KHR_swapchain, enabled=1
[Vulkan init] extensions: name=VK_KHR_swapchain_mutable_format, enabled=0
[Vulkan init] extensions: name=VK_KHR_timeline_semaphore, enabled=0
[Vulkan init] extensions: name=VK_KHR_uniform_buffer_standard_layout, enabled=0
[Vulkan init] extensions: name=VK_KHR_variable_pointers, enabled=0
[Vulkan init] extensions: name=VK_KHR_vulkan_memory_model, enabled=0
[Vulkan init] extensions: name=VK_EXT_4444_formats, enabled=0
[Vulkan init] extensions: name=VK_EXT_blend_operation_advanced, enabled=0
[Vulkan init] extensions: name=VK_EXT_buffer_device_address, enabled=0
[Vulkan init] extensions: name=VK_EXT_calibrated_timestamps, enabled=0
[Vulkan init] extensions: name=VK_EXT_conditional_rendering, enabled=0
[Vulkan init] extensions: name=VK_EXT_custom_border_color, enabled=0
[Vulkan init] extensions: name=VK_EXT_depth_clip_enable, enabled=0
[Vulkan init] extensions: name=VK_EXT_depth_range_unrestricted, enabled=0
[Vulkan init] extensions: name=VK_EXT_descriptor_indexing, enabled=0
[Vulkan init] extensions: name=VK_EXT_discard_rectangles, enabled=0
[Vulkan init] extensions: name=VK_EXT_display_control, enabled=0
[Vulkan init] extensions: name=VK_EXT_extended_dynamic_state, enabled=0
[Vulkan init] extensions: name=VK_EXT_external_memory_host, enabled=0
[Vulkan init] extensions: name=VK_EXT_global_priority, enabled=0
[Vulkan init] extensions: name=VK_EXT_host_query_reset, enabled=0
[Vulkan init] extensions: name=VK_EXT_image_robustness, enabled=0
[Vulkan init] extensions: name=VK_EXT_index_type_uint8, enabled=0
[Vulkan init] extensions: name=VK_EXT_inline_uniform_block, enabled=0
[Vulkan init] extensions: name=VK_EXT_line_rasterization, enabled=0
[Vulkan init] extensions: name=VK_EXT_memory_budget, enabled=0
[Vulkan init] extensions: name=VK_EXT_pci_bus_info, enabled=0
[Vulkan init] extensions: name=VK_EXT_pipeline_creation_cache_control, enabled=0
[Vulkan init] extensions: name=VK_EXT_pipeline_creation_feedback, enabled=0
[Vulkan init] extensions: name=VK_EXT_private_data, enabled=0
[Vulkan init] extensions: name=VK_EXT_robustness2, enabled=0
[Vulkan init] extensions: name=VK_EXT_scalar_block_layout, enabled=0
[Vulkan init] extensions: name=VK_EXT_separate_stencil_usage, enabled=0
[Vulkan init] extensions: name=VK_EXT_shader_atomic_float, enabled=0
[Vulkan init] extensions: name=VK_EXT_shader_demote_to_helper_invocation, enabled=0
[Vulkan init] extensions: name=VK_EXT_shader_image_atomic_int64, enabled=0
[Vulkan init] extensions: name=VK_EXT_shader_subgroup_ballot, enabled=0
[Vulkan init] extensions: name=VK_EXT_shader_subgroup_vote, enabled=0
[Vulkan init] extensions: name=VK_EXT_subgroup_size_control, enabled=0
[Vulkan init] extensions: name=VK_EXT_texel_buffer_alignment, enabled=0
[Vulkan init] extensions: name=VK_EXT_tooling_info, enabled=0
[Vulkan init] extensions: name=VK_EXT_transform_feedback, enabled=0
[Vulkan init] extensions: name=VK_EXT_vertex_attribute_divisor, enabled=0
[Vulkan init] extensions: name=VK_EXT_ycbcr_image_arrays, enabled=0
[Vulkan init] extensions: name=VK_NV_dedicated_allocation, enabled=0
[Vulkan init] extensions: name=VK_NV_dedicated_allocation_image_aliasing, enabled=0
[Vulkan init] extensions: name=VK_NV_device_diagnostic_checkpoints, enabled=0
[Vulkan init] extensions: name=VK_NV_device_diagnostics_config, enabled=0
[Vulkan init] extensions: name=VK_NV_device_generated_commands, enabled=0
[Vulkan init] extensions: name=VK_NV_shader_sm_builtins, enabled=0
[Vulkan init] extensions: name=VK_NV_shader_subgroup_partitioned, enabled=0
[Vulkan init] extensions: name=VK_NVX_multiview_per_view_attributes, enabled=0
[vulkan] Loaded device function vkDestroyDevice
[vulkan] Loaded device function vkGetDeviceQueue
[vulkan] Loaded device function vkQueueSubmit
[vulkan] Loaded device function vkQueueWaitIdle
[vulkan] Loaded device function vkDeviceWaitIdle
[vulkan] Loaded device function vkAllocateMemory
[vulkan] Loaded device function vkFreeMemory
[vulkan] Loaded device function vkMapMemory
[vulkan] Loaded device function vkUnmapMemory
[vulkan] Loaded device function vkFlushMappedMemoryRanges
[vulkan] Loaded device function vkInvalidateMappedMemoryRanges
[vulkan] Loaded device function vkGetDeviceMemoryCommitment
[vulkan] Loaded device function vkBindBufferMemory
[vulkan] Loaded device function vkBindImageMemory
[vulkan] Loaded device function vkGetBufferMemoryRequirements
[vulkan] Loaded device function vkGetImageMemoryRequirements
[vulkan] Loaded device function vkGetImageSparseMemoryRequirements
[vulkan] Loaded device function vkQueueBindSparse
[vulkan] Loaded device function vkCreateFence
[vulkan] Loaded device function vkDestroyFence
[vulkan] Loaded device function vkResetFences
[vulkan] Loaded device function vkGetFenceStatus
[vulkan] Loaded device function vkWaitForFences
[vulkan] Loaded device function vkCreateSemaphore
[vulkan] Loaded device function vkDestroySemaphore
[vulkan] Loaded device function vkCreateEvent
[vulkan] Loaded device function vkDestroyEvent
[vulkan] Loaded device function vkGetEventStatus
[vulkan] Loaded device function vkSetEvent
[vulkan] Loaded device function vkResetEvent
[vulkan] Loaded device function vkCreateQueryPool
[vulkan] Loaded device function vkDestroyQueryPool
[vulkan] Loaded device function vkGetQueryPoolResults
[vulkan] Loaded device function vkCreateBuffer
[vulkan] Loaded device function vkDestroyBuffer
[vulkan] Loaded device function vkCreateBufferView
[vulkan] Loaded device function vkDestroyBufferView
[vulkan] Loaded device function vkCreateImage
[vulkan] Loaded device function vkDestroyImage
[vulkan] Loaded device function vkGetImageSubresourceLayout
[vulkan] Loaded device function vkCreateImageView
[vulkan] Loaded device function vkDestroyImageView
[vulkan] Loaded device function vkCreateShaderModule
[vulkan] Loaded device function vkDestroyShaderModule
[vulkan] Loaded device function vkCreatePipelineCache
[vulkan] Loaded device function vkDestroyPipelineCache
[vulkan] Loaded device function vkGetPipelineCacheData
[vulkan] Loaded device function vkMergePipelineCaches
[vulkan] Loaded device function vkCreateGraphicsPipelines
[vulkan] Loaded device function vkCreateComputePipelines
[vulkan] Loaded device function vkDestroyPipeline
[vulkan] Loaded device function vkCreatePipelineLayout
[vulkan] Loaded device function vkDestroyPipelineLayout
[vulkan] Loaded device function vkCreateSampler
[vulkan] Loaded device function vkDestroySampler
[vulkan] Loaded device function vkCreateDescriptorSetLayout
[vulkan] Loaded device function vkDestroyDescriptorSetLayout
[vulkan] Loaded device function vkCreateDescriptorPool
[vulkan] Loaded device function vkDestroyDescriptorPool
[vulkan] Loaded device function vkResetDescriptorPool
[vulkan] Loaded device function vkAllocateDescriptorSets
[vulkan] Loaded device function vkFreeDescriptorSets
[vulkan] Loaded device function vkUpdateDescriptorSets
[vulkan] Loaded device function vkCreateFramebuffer
[vulkan] Loaded device function vkDestroyFramebuffer
[vulkan] Loaded device function vkCreateRenderPass
[vulkan] Loaded device function vkDestroyRenderPass
[vulkan] Loaded device function vkGetRenderAreaGranularity
[vulkan] Loaded device function vkCreateCommandPool
[vulkan] Loaded device function vkDestroyCommandPool
[vulkan] Loaded device function vkResetCommandPool
[vulkan] Loaded device function vkAllocateCommandBuffers
[vulkan] Loaded device function vkFreeCommandBuffers
[vulkan] Loaded device function vkBeginCommandBuffer
[vulkan] Loaded device function vkEndCommandBuffer
[vulkan] Loaded device function vkResetCommandBuffer
[vulkan] Loaded device function vkCmdBindPipeline
[vulkan] Loaded device function vkCmdSetViewport
[vulkan] Loaded device function vkCmdSetScissor
[vulkan] Loaded device function vkCmdSetLineWidth
[vulkan] Loaded device function vkCmdSetDepthBias
[vulkan] Loaded device function vkCmdSetBlendConstants
[vulkan] Loaded device function vkCmdSetDepthBounds
[vulkan] Loaded device function vkCmdSetStencilCompareMask
[vulkan] Loaded device function vkCmdSetStencilWriteMask
[vulkan] Loaded device function vkCmdSetStencilReference
[vulkan] Loaded device function vkCmdBindDescriptorSets
[vulkan] Loaded device function vkCmdBindIndexBuffer
[vulkan] Loaded device function vkCmdBindVertexBuffers
[vulkan] Loaded device function vkCmdDraw
[vulkan] Loaded device function vkCmdDrawIndexed
[vulkan] Loaded device function vkCmdDrawIndirect
[vulkan] Loaded device function vkCmdDrawIndexedIndirect
[vulkan] Loaded device function vkCmdDispatch
[vulkan] Loaded device function vkCmdDispatchIndirect
[vulkan] Loaded device function vkCmdCopyBuffer
[vulkan] Loaded device function vkCmdCopyImage
[vulkan] Loaded device function vkCmdBlitImage
[vulkan] Loaded device function vkCmdCopyBufferToImage
[vulkan] Loaded device function vkCmdCopyImageToBuffer
[vulkan] Loaded device function vkCmdUpdateBuffer
[vulkan] Loaded device function vkCmdFillBuffer
[vulkan] Loaded device function vkCmdClearColorImage
[vulkan] Loaded device function vkCmdClearDepthStencilImage
[vulkan] Loaded device function vkCmdClearAttachments
[vulkan] Loaded device function vkCmdResolveImage
[vulkan] Loaded device function vkCmdSetEvent
[vulkan] Loaded device function vkCmdResetEvent
[vulkan] Loaded device function vkCmdWaitEvents
[vulkan] Loaded device function vkCmdPipelineBarrier
[vulkan] Loaded device function vkCmdBeginQuery
[vulkan] Loaded device function vkCmdEndQuery
[vulkan] Loaded device function vkCmdResetQueryPool
[vulkan] Loaded device function vkCmdWriteTimestamp
[vulkan] Loaded device function vkCmdCopyQueryPoolResults
[vulkan] Loaded device function vkCmdPushConstants
[vulkan] Loaded device function vkCmdBeginRenderPass
[vulkan] Loaded device function vkCmdNextSubpass
[vulkan] Loaded device function vkCmdEndRenderPass
[vulkan] Loaded device function vkCmdExecuteCommands
[vulkan] Loaded device function vkGetImageMemoryRequirements2KHR
[vulkan] Loaded device function vkGetBufferMemoryRequirements2KHR
[vulkan] Loaded device function vkGetImageSparseMemoryRequirements2KHR
[vulkan] Loaded device function vkCreateDescriptorUpdateTemplateKHR
[vulkan] Loaded device function vkDestroyDescriptorUpdateTemplateKHR
[vulkan] Loaded device function vkUpdateDescriptorSetWithTemplateKHR
[vulkan] Loaded device function vkCmdBeginRenderPass2KHR
[vulkan] Loaded device function vkCmdEndRenderPass2KHR
[vulkan] Loaded device function vkCmdNextSubpass2KHR
[vulkan] Loaded device function vkCreateRenderPass2KHR
[vulkan] Failed to load device function vkDebugMarkerSetObjectTagEXT
[vulkan] Loaded instance function vkDebugMarkerSetObjectTagEXT
[vulkan] Failed to load device function vkDebugMarkerSetObjectNameEXT
[vulkan] Loaded instance function vkDebugMarkerSetObjectNameEXT
[vulkan] Failed to load device function vkCmdDebugMarkerBeginEXT
[vulkan] Loaded instance function vkCmdDebugMarkerBeginEXT
[vulkan] Failed to load device function vkCmdDebugMarkerEndEXT
[vulkan] Loaded instance function vkCmdDebugMarkerEndEXT
[vulkan] Failed to load device function vkCmdDebugMarkerInsertEXT
[vulkan] Loaded instance function vkCmdDebugMarkerInsertEXT
Vulkan API version 1.1.0 (1.2.155 supported by driver, 1.1.0 requested)
Vulkan vendor=[NVIDIA] id=[10de]
Vulkan renderer=[Quadro M1000M] id=[13b1]
Vulkan device type 2
Vulkan driverversion=[0x7309c000] uint=[1930018816]
Vulkan PSO: cache data not found [path=/tmp/ewintergames/Open Ski Jumping/vulkan_pso_cache.bin]
Shader 'Universal Render Pipeline/Particles/Lit': fallback shader 'Universal Render Pipeline/Particles/SimpleLit' not found
Initialize mono
Mono path[0] = '/home/jonatan/Unity/Hub/Editor/2020.3.0f1/Editor/Data/Managed'
Mono path[1] = '/home/jonatan/Unity/Hub/Editor/2020.3.0f1/Editor/Data/MonoBleedingEdge/lib/mono/unityjit'
Mono config path = '/home/jonatan/Unity/Hub/Editor/2020.3.0f1/Editor/Data/MonoBleedingEdge/etc'
Using monoOptions --debugger-agent=transport=dt_socket,embedding=1,server=y,suspend=n,address=127.0.0.1:56064
Begin MonoManager ReloadAssembly
Registering precompiled unity dll's ...
Register platform support module: /home/jonatan/Unity/Hub/Editor/2020.3.0f1/Editor/Data/PlaybackEngines/LinuxStandaloneSupport/UnityEditor.LinuxStandalone.Extensions.dll
Registered in 0,001582 seconds.
Native extension for LinuxStandalone target not found
Refreshing native plugins compatible for Editor in 93,73 ms, found 1 plugins.
Preloading 0 native plugins for Editor in 0,00 ms.
Invoked RoslynAnalysisRunner static constructor.
RoslynAnalysisRunner will not be running.
RoslynAnalysisRunner has terminated.
Mono: successfully reloaded assembly
- Completed reload, in  1,084 seconds
Platform modules already initialized, skipping
Registering precompiled user dll's ...
Registered in 0,004570 seconds.
Begin MonoManager ReloadAssembly
Native extension for LinuxStandalone target not found
Refreshing native plugins compatible for Editor in 92,13 ms, found 1 plugins.
Preloading 0 native plugins for Editor in 0,00 ms.
Invoked RoslynAnalysisRunner static constructor.
RoslynAnalysisRunner will not be running.
RoslynAnalysisRunner has terminated.
Mono: successfully reloaded assembly
- Completed reload, in  1,938 seconds
Platform modules already initialized, skipping
========================================================================
Worker process is ready to serve import requests
Shader 'Universal Render Pipeline/Particles/Lit': fallback shader 'Universal Render Pipeline/Particles/SimpleLit' not found
Launched and connected shader compiler UnityShaderCompiler after 0.01 seconds
Refreshing native plugins compatible for Editor in 1,52 ms, found 1 plugins.
Preloading 0 native plugins for Editor in 0,00 ms.
Unloading 3977 Unused Serialized files (Serialized files now loaded: 0)
System memory in use before: 171,7 MB.
System memory in use after: 171,8 MB.

Unloading 46 unused Assets to reduce memory usage. Loaded Objects now: 4406.
Total: 5,771762 ms (FindLiveObjects: 0,489252 ms CreateObjectMapping: 0,263903 ms MarkObjects: 4,586542 ms  DeleteObjects: 0,430537 ms)

========================================================================
Received Import Request.
  path: Assets/UniversalRenderPipelineAsset.asset
  artifactKey: Guid(a863155647b30fde0a76d4e1e7198651) Importer(815301076,1909f56bfc062723c751e8b465ee728b)
Start importing Assets/UniversalRenderPipelineAsset.asset using Guid(a863155647b30fde0a76d4e1e7198651) Importer(815301076,1909f56bfc062723c751e8b465ee728b)  -> (artifact id: '2b765f91cbd8130a23364f6e6a4e848b') in 0,018135 seconds
  Import took 0,027356 seconds .

========================================================================
Received Import Request.
  Time since last request: 1,853330 seconds.
  path: Packages/com.unity.render-pipelines.universal/Runtime/Data/PostProcessData.asset
  artifactKey: Guid(41439944d30ece34e96484bdb6645b55) Importer(815301076,1909f56bfc062723c751e8b465ee728b)
Start importing Packages/com.unity.render-pipelines.universal/Runtime/Data/PostProcessData.asset using Guid(41439944d30ece34e96484bdb6645b55) Importer(815301076,1909f56bfc062723c751e8b465ee728b)  -> (artifact id: '25c94dbc1e95a295ada587c90505dff9') in 0,002236 seconds
  Import took 0,013276 seconds .

========================================================================
Received Import Request.
  Time since last request: 1,581521 seconds.
  path: Packages/com.unity.render-pipelines.universal/Runtime/Data/ForwardRendererData.asset
  artifactKey: Guid(618d298269e66c542b306de85db1faea) Importer(815301076,1909f56bfc062723c751e8b465ee728b)
Start importing Packages/com.unity.render-pipelines.universal/Runtime/Data/ForwardRendererData.asset using Guid(618d298269e66c542b306de85db1faea) Importer(815301076,1909f56bfc062723c751e8b465ee728b)  -> (artifact id: '7e9d19568ed7d74cac5ebd343d2f891e') in 0,006013 seconds
  Import took 0,015138 seconds .

========================================================================
Received Import Request.
  Time since last request: 16,842071 seconds.
  path: Assets/UniversalRenderPipelineAsset.asset
  artifactKey: Guid(a863155647b30fde0a76d4e1e7198651) Importer(815301076,1909f56bfc062723c751e8b465ee728b)
Start importing Assets/UniversalRenderPipelineAsset.asset using Guid(a863155647b30fde0a76d4e1e7198651) Importer(815301076,1909f56bfc062723c751e8b465ee728b)  -> (artifact id: '94ff878e70eec39af751f7e058583b5d') in 0,003404 seconds
  Import took 0,014761 seconds .

========================================================================
Received Import Request.
  Time since last request: 0,011601 seconds.
  path: Assets/UniversalRenderPipelineAsset.asset
  artifactKey: Guid(a863155647b30fde0a76d4e1e7198651) Importer(815301076,1909f56bfc062723c751e8b465ee728b)
Start importing Assets/UniversalRenderPipelineAsset.asset using Guid(a863155647b30fde0a76d4e1e7198651) Importer(815301076,1909f56bfc062723c751e8b465ee728b)  -> (artifact id: '94ff878e70eec39af751f7e058583b5d') in 0,001282 seconds
  Import took 0,009111 seconds .

========================================================================
Received Prepare
Registering precompiled user dll's ...
Registered in 0,005246 seconds.
Begin MonoManager ReloadAssembly
Native extension for LinuxStandalone target not found
Refreshing native plugins compatible for Editor in 1,47 ms, found 1 plugins.
Preloading 0 native plugins for Editor in 0,00 ms.
Invoked RoslynAnalysisRunner static constructor.
RoslynAnalysisRunner will not be running.
RoslynAnalysisRunner has terminated.
Mono: successfully reloaded assembly
- Completed reload, in  1,470 seconds
Platform modules already initialized, skipping
Shader 'Universal Render Pipeline/Particles/Lit': fallback shader 'Universal Render Pipeline/Particles/SimpleLit' not found
Refreshing native plugins compatible for Editor in 1,63 ms, found 1 plugins.
Preloading 0 native plugins for Editor in 0,00 ms.
Unloading 3804 Unused Serialized files (Serialized files now loaded: 0)
System memory in use before: 160,9 MB.
System memory in use after: 161,0 MB.

Unloading 37 unused Assets to reduce memory usage. Loaded Objects now: 4410.
Total: 6,333638 ms (FindLiveObjects: 0,611112 ms CreateObjectMapping: 0,316386 ms MarkObjects: 5,218772 ms  DeleteObjects: 0,185454 ms)

========================================================================
Received Prepare
Registering precompiled user dll's ...
Registered in 0,003803 seconds.
Begin MonoManager ReloadAssembly
Native extension for LinuxStandalone target not found
Refreshing native plugins compatible for Editor in 1,04 ms, found 1 plugins.
Preloading 0 native plugins for Editor in 0,00 ms.
Invoked RoslynAnalysisRunner static constructor.
RoslynAnalysisRunner will not be running.
RoslynAnalysisRunner has terminated.
Mono: successfully reloaded assembly
- Completed reload, in  1,173 seconds
Platform modules already initialized, skipping
Shader 'Universal Render Pipeline/Particles/Lit': fallback shader 'Universal Render Pipeline/Particles/SimpleLit' not found
Refreshing native plugins compatible for Editor in 0,99 ms, found 1 plugins.
Preloading 0 native plugins for Editor in 0,00 ms.
Unloading 3803 Unused Serialized files (Serialized files now loaded: 0)
System memory in use before: 160,9 MB.
System memory in use after: 161,0 MB.

Unloading 37 unused Assets to reduce memory usage. Loaded Objects now: 4413.
Total: 4,982728 ms (FindLiveObjects: 0,632123 ms CreateObjectMapping: 0,215539 ms MarkObjects: 3,952775 ms  DeleteObjects: 0,180882 ms)

========================================================================
Received Import Request.
  Time since last request: 1664,528958 seconds.
  path: Assets/Terrain/GrassPath.terrainlayer
  artifactKey: Guid(11ef5be71cee5c2eb88c5975cad2aee4) Importer(815301076,1909f56bfc062723c751e8b465ee728b)
Start importing Assets/Terrain/GrassPath.terrainlayer using Guid(11ef5be71cee5c2eb88c5975cad2aee4) Importer(815301076,1909f56bfc062723c751e8b465ee728b)  -> (artifact id: '96ffc6c98669f04804b827c7fe580ff8') in 0,084963 seconds
  Import took 0,091720 seconds .

========================================================================
Received Import Request.
  Time since last request: 436,319692 seconds.
  path: Assets/Materials/InrunTrackNormal.png
  artifactKey: Guid(3204f0186b8548364bb631cff648a540) Importer(815301076,1909f56bfc062723c751e8b465ee728b)
Start importing Assets/Materials/InrunTrackNormal.png using Guid(3204f0186b8548364bb631cff648a540) Importer(815301076,1909f56bfc062723c751e8b465ee728b)  -> (artifact id: '90ddc64dbe66c1549b4a655584888df3') in 0,066880 seconds
  Import took 0,076082 seconds .

========================================================================
Received Import Request.
  Time since last request: 0,000253 seconds.
  path: Assets/Arts/Fonts/Josefin_Sans/JosefinSans-ExtraLightItalic SDF.asset
  artifactKey: Guid(7ad7f0a864d8b00e08e96e85aab52934) Importer(815301076,1909f56bfc062723c751e8b465ee728b)
Start importing Assets/Arts/Fonts/Josefin_Sans/JosefinSans-ExtraLightItalic SDF.asset using Guid(7ad7f0a864d8b00e08e96e85aab52934) Importer(815301076,1909f56bfc062723c751e8b465ee728b)  -> (artifact id: '89a104e5bd757a49a90849b306084eac') in 0,253294 seconds
  Import took 0,260172 seconds .

========================================================================
Received Import Request.
  Time since last request: 0,000239 seconds.
  path: Assets/Arts/flags/io.png
  artifactKey: Guid(2c0c9ec63639f3561b75f2ac20b85f26) Importer(815301076,1909f56bfc062723c751e8b465ee728b)
Start importing Assets/Arts/flags/io.png using Guid(2c0c9ec63639f3561b75f2ac20b85f26) Importer(815301076,1909f56bfc062723c751e8b465ee728b)  -> (artifact id: '3fc5f887bcdf8882d4c42dffa997a629') in 0,077641 seconds
  Import took 0,097674 seconds .

========================================================================
Received Import Request.
  Time since last request: 0,000218 seconds.
  path: Assets/Arts/flags/ir.png
  artifactKey: Guid(c34db322d4fb637d5bc790084c8df500) Importer(815301076,1909f56bfc062723c751e8b465ee728b)
Start importing Assets/Arts/flags/ir.png using Guid(c34db322d4fb637d5bc790084c8df500) Importer(815301076,1909f56bfc062723c751e8b465ee728b)  -> (artifact id: '4beefee9365ac3fb5be1e74f57c2321f') in 0,008213 seconds
  Import took 0,015629 seconds .

========================================================================
Received Import Request.
  Time since last request: 0,000216 seconds.
  path: Assets/Arts/Fonts/Josefin_Sans/JosefinSans-ExtraLight SDF.asset
  artifactKey: Guid(91545e690c4f0bac387f144fc3a029a8) Importer(815301076,1909f56bfc062723c751e8b465ee728b)
Start importing Assets/Arts/Fonts/Josefin_Sans/JosefinSans-ExtraLight SDF.asset using Guid(91545e690c4f0bac387f144fc3a029a8) Importer(815301076,1909f56bfc062723c751e8b465ee728b)  -> (artifact id: '16ed5b422543e4d317583318a5a5308e') in 0,062241 seconds
  Import took 0,069442 seconds .

========================================================================
Received Import Request.
  Time since last request: 0,000205 seconds.
  path: Assets/Materials/InrunTrackNormal_512.png
  artifactKey: Guid(242de2bf9b13e3b4d960e91aab86b76b) Importer(815301076,1909f56bfc062723c751e8b465ee728b)
Start importing Assets/Materials/InrunTrackNormal_512.png using Guid(242de2bf9b13e3b4d960e91aab86b76b) Importer(815301076,1909f56bfc062723c751e8b465ee728b)  -> (artifact id: '221ffad75c7df0796240f3b3a46ab01e') in 0,004235 seconds
  Import took 0,011175 seconds .

========================================================================
Received Import Request.
  Time since last request: 0,000202 seconds.
  path: Assets/Arts/flags/iq.png
  artifactKey: Guid(e48b83041af9509dfa9c7296252f447a) Importer(815301076,1909f56bfc062723c751e8b465ee728b)
Start importing Assets/Arts/flags/iq.png using Guid(e48b83041af9509dfa9c7296252f447a) Importer(815301076,1909f56bfc062723c751e8b465ee728b)  -> (artifact id: '0503bb2c14f5531c631f460de7e27efd') in 0,005735 seconds
  Import took 0,012824 seconds .

========================================================================
Received Import Request.
  Time since last request: 0,000186 seconds.
  path: Assets/Arts/flags/ioc.png
  artifactKey: Guid(37bc64bee893dacda88566661649a4c2) Importer(815301076,1909f56bfc062723c751e8b465ee728b)
Start importing Assets/Arts/flags/ioc.png using Guid(37bc64bee893dacda88566661649a4c2) Importer(815301076,1909f56bfc062723c751e8b465ee728b)  -> (artifact id: '582e53204c82b7b433a6a932d93c754f') in 0,007070 seconds
  Import took 0,014875 seconds .

========================================================================
Received Import Request.
  Time since last request: 0,000274 seconds.
  path: Assets/Materials/intunNormal.png
  artifactKey: Guid(858ddd7710850366088d407cdd805ead) Importer(815301076,1909f56bfc062723c751e8b465ee728b)
Start importing Assets/Materials/intunNormal.png using Guid(858ddd7710850366088d407cdd805ead) Importer(815301076,1909f56bfc062723c751e8b465ee728b)  -> (artifact id: 'da9b0e7f0f46037c24703b8d8c20a854') in 0,044241 seconds
  Import took 0,052303 seconds .

========================================================================
Received Import Request.
  Time since last request: 0,000285 seconds.
  path: Assets/Arts/flags/jm.png
  artifactKey: Guid(090e0f934e98472eb9530531bcece909) Importer(815301076,1909f56bfc062723c751e8b465ee728b)
Start importing Assets/Arts/flags/jm.png using Guid(090e0f934e98472eb9530531bcece909) Importer(815301076,1909f56bfc062723c751e8b465ee728b)  -> (artifact id: '01f0f08a126b601f8f1fd47bde5a17bd') in 0,012167 seconds
  Import took 0,019485 seconds .

========================================================================
Received Import Request.
  Time since last request: 0,000247 seconds.
  path: Assets/Arts/flags/jo.png
  artifactKey: Guid(82844de2fbfd9a86c97c3caf956ad4c9) Importer(815301076,1909f56bfc062723c751e8b465ee728b)
Start importing Assets/Arts/flags/jo.png using Guid(82844de2fbfd9a86c97c3caf956ad4c9) Importer(815301076,1909f56bfc062723c751e8b465ee728b)  -> (artifact id: '5cf328e11274728c20b9ced9295be3e3') in 0,005692 seconds
  Import took 0,012922 seconds .

========================================================================
Received Import Request.
  Time since last request: 0,000272 seconds.
  path: Assets/Arts/flags/je.png
  artifactKey: Guid(3486b0f8b79e41c74855b7b2e04cd6de) Importer(815301076,1909f56bfc062723c751e8b465ee728b)
Start importing Assets/Arts/flags/je.png using Guid(3486b0f8b79e41c74855b7b2e04cd6de) Importer(815301076,1909f56bfc062723c751e8b465ee728b)  -> (artifact id: '19eb95c94dd132e4562f6664c6a4322c') in 0,005927 seconds
  Import took 0,013191 seconds .

========================================================================
Received Import Request.
  Time since last request: 0,000219 seconds.
  path: Assets/Arts/Fonts/Josefin_Sans/JosefinSans-BoldItalic SDF.asset
  artifactKey: Guid(e4166db51090ba292a5cd7b143fb0dbd) Importer(815301076,1909f56bfc062723c751e8b465ee728b)
Start importing Assets/Arts/Fonts/Josefin_Sans/JosefinSans-BoldItalic SDF.asset using Guid(e4166db51090ba292a5cd7b143fb0dbd) Importer(815301076,1909f56bfc062723c751e8b465ee728b)  -> (artifact id: '1fbd1b15ec7be6b28db25b5e0437ba18') in 0,062841 seconds
  Import took 0,069851 seconds .

========================================================================
Received Import Request.
  Time since last request: 0,000282 seconds.
  path: Assets/Arts/flags/is.png
  artifactKey: Guid(7c6793cfad2779e99ab52b553a035dba) Importer(815301076,1909f56bfc062723c751e8b465ee728b)
Start importing Assets/Arts/flags/is.png using Guid(7c6793cfad2779e99ab52b553a035dba) Importer(815301076,1909f56bfc062723c751e8b465ee728b)  -> (artifact id: '8cf7976f61882dd7fb9a2ae15f562b92') in 0,007629 seconds
  Import took 0,014385 seconds .

========================================================================
Received Import Request.
  Time since last request: 0,000260 seconds.
  path: Assets/Arts/Fonts/Josefin_Sans/JosefinSans-Bold SDF.asset
  artifactKey: Guid(260ef60fb3af08ba8ad8513481dd2fa8) Importer(815301076,1909f56bfc062723c751e8b465ee728b)
Start importing Assets/Arts/Fonts/Josefin_Sans/JosefinSans-Bold SDF.asset using Guid(260ef60fb3af08ba8ad8513481dd2fa8) Importer(815301076,1909f56bfc062723c751e8b465ee728b)  -> (artifact id: 'ea254c66057602d84f7fbeb73df6d760') in 0,065454 seconds
  Import took 0,072146 seconds .

========================================================================
Received Import Request.
  Time since last request: 0,000257 seconds.
  path: Assets/Arts/flags/it.png
  artifactKey: Guid(054ed6c95a45949b6bb35ee71ec47bc7) Importer(815301076,1909f56bfc062723c751e8b465ee728b)
Start importing Assets/Arts/flags/it.png using Guid(054ed6c95a45949b6bb35ee71ec47bc7) Importer(815301076,1909f56bfc062723c751e8b465ee728b)  -> (artifact id: '1a49ac1fc858103342494b0719d288c2') in 0,005088 seconds
  Import took 0,013109 seconds .

========================================================================
Received Prepare
Registering precompiled user dll's ...
Registered in 0,003828 seconds.
Begin MonoManager ReloadAssembly
Native extension for LinuxStandalone target not found
Refreshing native plugins compatible for Editor in 1,00 ms, found 1 plugins.
Preloading 0 native plugins for Editor in 0,00 ms.
Invoked RoslynAnalysisRunner static constructor.
RoslynAnalysisRunner will not be running.
RoslynAnalysisRunner has terminated.
Mono: successfully reloaded assembly
- Completed reload, in  1,212 seconds
Platform modules already initialized, skipping
Shader 'Universal Render Pipeline/Particles/Lit': fallback shader 'Universal Render Pipeline/Particles/SimpleLit' not found
Refreshing native plugins compatible for Editor in 1,17 ms, found 1 plugins.
Preloading 0 native plugins for Editor in 0,00 ms.
Unloading 3803 Unused Serialized files (Serialized files now loaded: 0)
System memory in use before: 166,5 MB.
System memory in use after: 166,5 MB.

Unloading 38 unused Assets to reduce memory usage. Loaded Objects now: 4759.
Total: 4,909468 ms (FindLiveObjects: 0,451906 ms CreateObjectMapping: 0,200468 ms MarkObjects: 4,108197 ms  DeleteObjects: 0,147689 ms)

========================================================================
Received Import Request.
  Time since last request: 36,991938 seconds.
  path: Assets/Terrain/GrassPath.terrainlayer
  artifactKey: Guid(11ef5be71cee5c2eb88c5975cad2aee4) Importer(815301076,1909f56bfc062723c751e8b465ee728b)
Start importing Assets/Terrain/GrassPath.terrainlayer using Guid(11ef5be71cee5c2eb88c5975cad2aee4) Importer(815301076,1909f56bfc062723c751e8b465ee728b)  -> (artifact id: 'c7875170063b3ffa72ed1fc384bae878') in 0,045993 seconds
  Import took 0,054467 seconds .

========================================================================
Received Prepare
Registering precompiled user dll's ...
Registered in 0,004212 seconds.
Begin MonoManager ReloadAssembly
Native extension for LinuxStandalone target not found
Refreshing native plugins compatible for Editor in 1,05 ms, found 1 plugins.
Preloading 0 native plugins for Editor in 0,00 ms.
Invoked RoslynAnalysisRunner static constructor.
RoslynAnalysisRunner will not be running.
RoslynAnalysisRunner has terminated.
Mono: successfully reloaded assembly
- Completed reload, in  1,209 seconds
Platform modules already initialized, skipping
Shader 'Universal Render Pipeline/Particles/Lit': fallback shader 'Universal Render Pipeline/Particles/SimpleLit' not found
Refreshing native plugins compatible for Editor in 0,89 ms, found 1 plugins.
Preloading 0 native plugins for Editor in 0,00 ms.
Unloading 3803 Unused Serialized files (Serialized files now loaded: 0)
System memory in use before: 166,4 MB.
System memory in use after: 166,5 MB.

Unloading 37 unused Assets to reduce memory usage. Loaded Objects now: 4762.
Total: 5,088931 ms (FindLiveObjects: 0,418573 ms CreateObjectMapping: 0,289968 ms MarkObjects: 4,206210 ms  DeleteObjects: 0,172683 ms)

========================================================================
Received Prepare
Registering precompiled user dll's ...
Registered in 0,004260 seconds.
Begin MonoManager ReloadAssembly
Native extension for LinuxStandalone target not found
Refreshing native plugins compatible for Editor in 1,09 ms, found 1 plugins.
Preloading 0 native plugins for Editor in 0,00 ms.
Invoked RoslynAnalysisRunner static constructor.
RoslynAnalysisRunner will not be running.
RoslynAnalysisRunner has terminated.
Mono: successfully reloaded assembly
- Completed reload, in  1,553 seconds
Platform modules already initialized, skipping
Shader 'Universal Render Pipeline/Particles/Lit': fallback shader 'Universal Render Pipeline/Particles/SimpleLit' not found
Refreshing native plugins compatible for Editor in 1,05 ms, found 1 plugins.
Preloading 0 native plugins for Editor in 0,00 ms.
Unloading 3803 Unused Serialized files (Serialized files now loaded: 0)
System memory in use before: 166,4 MB.
System memory in use after: 166,5 MB.

Unloading 37 unused Assets to reduce memory usage. Loaded Objects now: 4765.
Total: 7,127700 ms (FindLiveObjects: 0,768056 ms CreateObjectMapping: 0,474224 ms MarkObjects: 5,676171 ms  DeleteObjects: 0,207346 ms)

========================================================================
Received Import Request.
  Time since last request: 267,826180 seconds.
  path: Packages/com.unity.render-pipelines.universal/Runtime/Materials/ParticlesUnlit.mat
  artifactKey: Guid(e823cd5b5d27c0f4b8256e7c12ee3e6d) Importer(815301076,1909f56bfc062723c751e8b465ee728b)
Start importing Packages/com.unity.render-pipelines.universal/Runtime/Materials/ParticlesUnlit.mat using Guid(e823cd5b5d27c0f4b8256e7c12ee3e6d) Importer(815301076,1909f56bfc062723c751e8b465ee728b)  -> (artifact id: '5efd5101764d7f698746ea46f9018577') in 0,234115 seconds
  Import took 0,242970 seconds .

========================================================================
Received Prepare
Registering precompiled user dll's ...
Registered in 0,006087 seconds.
Begin MonoManager ReloadAssembly
Native extension for LinuxStandalone target not found
Refreshing native plugins compatible for Editor in 0,92 ms, found 1 plugins.
Preloading 0 native plugins for Editor in 0,00 ms.
Invoked RoslynAnalysisRunner static constructor.
RoslynAnalysisRunner will not be running.
RoslynAnalysisRunner has terminated.
Mono: successfully reloaded assembly
- Completed reload, in  1,450 seconds
Platform modules already initialized, skipping
Shader 'Universal Render Pipeline/Particles/Lit': fallback shader 'Universal Render Pipeline/Particles/SimpleLit' not found
Refreshing native plugins compatible for Editor in 0,92 ms, found 1 plugins.
Preloading 0 native plugins for Editor in 0,00 ms.
Unloading 3803 Unused Serialized files (Serialized files now loaded: 0)
System memory in use before: 166,6 MB.
System memory in use after: 166,7 MB.

Unloading 38 unused Assets to reduce memory usage. Loaded Objects now: 4804.
Total: 5,256769 ms (FindLiveObjects: 0,437717 ms CreateObjectMapping: 0,238010 ms MarkObjects: 4,389085 ms  DeleteObjects: 0,190452 ms)

========================================================================
Received Prepare
Registering precompiled user dll's ...
Registered in 0,004354 seconds.
Begin MonoManager ReloadAssembly
Native extension for LinuxStandalone target not found
Refreshing native plugins compatible for Editor in 1,11 ms, found 1 plugins.
Preloading 0 native plugins for Editor in 0,00 ms.
Invoked RoslynAnalysisRunner static constructor.
RoslynAnalysisRunner will not be running.
RoslynAnalysisRunner has terminated.
Mono: successfully reloaded assembly
- Completed reload, in  1,178 seconds
Platform modules already initialized, skipping
Shader 'Universal Render Pipeline/Particles/Lit': fallback shader 'Universal Render Pipeline/Particles/SimpleLit' not found
Refreshing native plugins compatible for Editor in 0,88 ms, found 1 plugins.
Preloading 0 native plugins for Editor in 0,00 ms.
Unloading 3803 Unused Serialized files (Serialized files now loaded: 0)
System memory in use before: 166,6 MB.
System memory in use after: 166,7 MB.

Unloading 37 unused Assets to reduce memory usage. Loaded Objects now: 4807.
Total: 5,217758 ms (FindLiveObjects: 0,432399 ms CreateObjectMapping: 0,249429 ms MarkObjects: 4,351099 ms  DeleteObjects: 0,183440 ms)

========================================================================
Received Prepare
Registering precompiled user dll's ...
Registered in 0,004036 seconds.
Begin MonoManager ReloadAssembly
Native extension for LinuxStandalone target not found
Refreshing native plugins compatible for Editor in 1,16 ms, found 1 plugins.
Preloading 0 native plugins for Editor in 0,00 ms.
Invoked RoslynAnalysisRunner static constructor.
RoslynAnalysisRunner will not be running.
RoslynAnalysisRunner has terminated.
Mono: successfully reloaded assembly
- Completed reload, in  1,215 seconds
Platform modules already initialized, skipping
Shader 'Universal Render Pipeline/Particles/Lit': fallback shader 'Universal Render Pipeline/Particles/SimpleLit' not found
Refreshing native plugins compatible for Editor in 0,93 ms, found 1 plugins.
Preloading 0 native plugins for Editor in 0,00 ms.
Unloading 3803 Unused Serialized files (Serialized files now loaded: 0)
System memory in use before: 166,6 MB.
System memory in use after: 166,7 MB.

Unloading 37 unused Assets to reduce memory usage. Loaded Objects now: 4810.
Total: 6,373456 ms (FindLiveObjects: 0,445027 ms CreateObjectMapping: 0,214504 ms MarkObjects: 5,480096 ms  DeleteObjects: 0,232101 ms)

========================================================================
Received Prepare
Registering precompiled user dll's ...
Registered in 0,004378 seconds.
Begin MonoManager ReloadAssembly
Native extension for LinuxStandalone target not found
Refreshing native plugins compatible for Editor in 1,17 ms, found 1 plugins.
Preloading 0 native plugins for Editor in 0,00 ms.
Invoked RoslynAnalysisRunner static constructor.
RoslynAnalysisRunner will not be running.
RoslynAnalysisRunner has terminated.
Mono: successfully reloaded assembly
- Completed reload, in  1,267 seconds
Platform modules already initialized, skipping
Shader 'Universal Render Pipeline/Particles/Lit': fallback shader 'Universal Render Pipeline/Particles/SimpleLit' not found
Refreshing native plugins compatible for Editor in 1,26 ms, found 1 plugins.
Preloading 0 native plugins for Editor in 0,00 ms.
Unloading 3803 Unused Serialized files (Serialized files now loaded: 0)
System memory in use before: 166,6 MB.
System memory in use after: 166,7 MB.

Unloading 37 unused Assets to reduce memory usage. Loaded Objects now: 4813.
Total: 5,777530 ms (FindLiveObjects: 0,435423 ms CreateObjectMapping: 0,284154 ms MarkObjects: 4,852478 ms  DeleteObjects: 0,203660 ms)

========================================================================
Received Prepare
Registering precompiled user dll's ...
Registered in 0,004252 seconds.
Begin MonoManager ReloadAssembly
Native extension for LinuxStandalone target not found
Refreshing native plugins compatible for Editor in 1,08 ms, found 1 plugins.
Preloading 0 native plugins for Editor in 0,00 ms.
Invoked RoslynAnalysisRunner static constructor.
RoslynAnalysisRunner will not be running.
RoslynAnalysisRunner has terminated.
Mono: successfully reloaded assembly
- Completed reload, in  1,191 seconds
Platform modules already initialized, skipping
Shader 'Universal Render Pipeline/Particles/Lit': fallback shader 'Universal Render Pipeline/Particles/SimpleLit' not found
Refreshing native plugins compatible for Editor in 1,18 ms, found 1 plugins.
Preloading 0 native plugins for Editor in 0,00 ms.
Unloading 3803 Unused Serialized files (Serialized files now loaded: 0)
System memory in use before: 166,6 MB.
System memory in use after: 166,7 MB.

Unloading 37 unused Assets to reduce memory usage. Loaded Objects now: 4816.
Total: 5,476701 ms (FindLiveObjects: 0,461696 ms CreateObjectMapping: 0,220905 ms MarkObjects: 4,581355 ms  DeleteObjects: 0,210891 ms)

========================================================================
Received Prepare
Registering precompiled user dll's ...
Registered in 0,004113 seconds.
Begin MonoManager ReloadAssembly
Native extension for LinuxStandalone target not found
Refreshing native plugins compatible for Editor in 0,92 ms, found 1 plugins.
Preloading 0 native plugins for Editor in 0,00 ms.
Invoked RoslynAnalysisRunner static constructor.
RoslynAnalysisRunner will not be running.
RoslynAnalysisRunner has terminated.
Mono: successfully reloaded assembly
- Completed reload, in  1,384 seconds
Platform modules already initialized, skipping
Shader 'Universal Render Pipeline/Particles/Lit': fallback shader 'Universal Render Pipeline/Particles/SimpleLit' not found
Refreshing native plugins compatible for Editor in 1,14 ms, found 1 plugins.
Preloading 0 native plugins for Editor in 0,00 ms.
Unloading 3803 Unused Serialized files (Serialized files now loaded: 0)
System memory in use before: 166,6 MB.
System memory in use after: 166,7 MB.

Unloading 37 unused Assets to reduce memory usage. Loaded Objects now: 4819.
Total: 6,061517 ms (FindLiveObjects: 0,477962 ms CreateObjectMapping: 0,273369 ms MarkObjects: 5,052378 ms  DeleteObjects: 0,256249 ms)

========================================================================
Received Import Request.
  Time since last request: 4952,486321 seconds.
  path: Assets/Prefabs/OptimizedTree.prefab
  artifactKey: Guid(e4428ddfbbb2e764fb70080fa82e836f) Importer(815301076,1909f56bfc062723c751e8b465ee728b)
Start importing Assets/Prefabs/OptimizedTree.prefab using Guid(e4428ddfbbb2e764fb70080fa82e836f) Importer(815301076,1909f56bfc062723c751e8b465ee728b)  -> (artifact id: '834b97ee24390301294f9246e9b4660f') in 0,032210 seconds
  Import took 0,041641 seconds .

========================================================================
Received Import Request.
  Time since last request: 44,312041 seconds.
  path: Assets/Models/Snowy_Low_Poly_Trees/Pine_NoSnow1.prefab
  artifactKey: Guid(0b94787e83d06de44ab9db821c2c0142) Importer(815301076,1909f56bfc062723c751e8b465ee728b)
Start importing Assets/Models/Snowy_Low_Poly_Trees/Pine_NoSnow1.prefab using Guid(0b94787e83d06de44ab9db821c2c0142) Importer(815301076,1909f56bfc062723c751e8b465ee728b)  -> (artifact id: '942efb2e804023d2d145733bebef82de') in 0,317207 seconds
  Import took 0,328468 seconds .

========================================================================
Received Import Request.
  Time since last request: 179,959580 seconds.
  path: Assets/Models/Snowy_Low_Poly_Trees/Models/Snowy_Low_Poly_Trees.fbx
  artifactKey: Guid(e6ec39770b6dbe04f9cbd7ea19e0c7ef) Importer(815301076,1909f56bfc062723c751e8b465ee728b)
Start importing Assets/Models/Snowy_Low_Poly_Trees/Models/Snowy_Low_Poly_Trees.fbx using Guid(e6ec39770b6dbe04f9cbd7ea19e0c7ef) Importer(815301076,1909f56bfc062723c751e8b465ee728b)  -> (artifact id: 'b374734aad4d7ae7340ebb68325bee5a') in 0,308290 seconds
  Import took 0,315874 seconds .

========================================================================
Received Prepare
Registering precompiled user dll's ...
Registered in 0,005798 seconds.
Begin MonoManager ReloadAssembly
Native extension for LinuxStandalone target not found
Refreshing native plugins compatible for Editor in 1,43 ms, found 1 plugins.
Preloading 0 native plugins for Editor in 0,00 ms.
Invoked RoslynAnalysisRunner static constructor.
RoslynAnalysisRunner will not be running.
RoslynAnalysisRunner has terminated.
Mono: successfully reloaded assembly
- Completed reload, in  1,814 seconds
Platform modules already initialized, skipping
Shader 'Universal Render Pipeline/Particles/Lit': fallback shader 'Universal Render Pipeline/Particles/SimpleLit' not found
Refreshing native plugins compatible for Editor in 1,12 ms, found 1 plugins.
Preloading 0 native plugins for Editor in 0,00 ms.
Unloading 3803 Unused Serialized files (Serialized files now loaded: 0)
System memory in use before: 167,4 MB.
System memory in use after: 167,5 MB.

Unloading 37 unused Assets to reduce memory usage. Loaded Objects now: 4863.
Total: 6,493324 ms (FindLiveObjects: 0,594199 ms CreateObjectMapping: 0,267133 ms MarkObjects: 5,389398 ms  DeleteObjects: 0,240341 ms)

========================================================================
Received Prepare
Registering precompiled user dll's ...
Registered in 0,004307 seconds.
Begin MonoManager ReloadAssembly
Native extension for LinuxStandalone target not found
Refreshing native plugins compatible for Editor in 1,34 ms, found 1 plugins.
Preloading 0 native plugins for Editor in 0,00 ms.
Invoked RoslynAnalysisRunner static constructor.
RoslynAnalysisRunner will not be running.
RoslynAnalysisRunner has terminated.
Mono: successfully reloaded assembly
- Completed reload, in  2,003 seconds
Platform modules already initialized, skipping
Shader 'Universal Render Pipeline/Particles/Lit': fallback shader 'Universal Render Pipeline/Particles/SimpleLit' not found
Refreshing native plugins compatible for Editor in 1,42 ms, found 1 plugins.
Preloading 0 native plugins for Editor in 0,00 ms.
Unloading 3803 Unused Serialized files (Serialized files now loaded: 0)
System memory in use before: 167,4 MB.
System memory in use after: 167,6 MB.

Unloading 37 unused Assets to reduce memory usage. Loaded Objects now: 4866.
Total: 7,961241 ms (FindLiveObjects: 0,715109 ms CreateObjectMapping: 0,395243 ms MarkObjects: 6,549398 ms  DeleteObjects: 0,299500 ms)

========================================================================
Received Import Request.
  Time since last request: 1285,520134 seconds.
  path: Assets/Models/Snowy_Low_Poly_Trees/Pine_Snowy2.prefab
  artifactKey: Guid(01d2dd5255c308a4db25dbb77d9f65ea) Importer(815301076,1909f56bfc062723c751e8b465ee728b)
Start importing Assets/Models/Snowy_Low_Poly_Trees/Pine_Snowy2.prefab using Guid(01d2dd5255c308a4db25dbb77d9f65ea) Importer(815301076,1909f56bfc062723c751e8b465ee728b)  -> (artifact id: 'ea2d81b405a3469ac86b48d7a4dd09a0') in 0,250129 seconds
  Import took 0,258714 seconds .

========================================================================
Received Import Request.
  Time since last request: 60,126355 seconds.
  path: Assets/Models/Free_SpeedTrees
  artifactKey: Guid(5cf8cfcb8c5378efc96c1189efb2ac42) Importer(815301076,1909f56bfc062723c751e8b465ee728b)
Start importing Assets/Models/Free_SpeedTrees using Guid(5cf8cfcb8c5378efc96c1189efb2ac42) Importer(815301076,1909f56bfc062723c751e8b465ee728b)  -> (artifact id: '702072f79700ce3a7212c7df19276e11') in 0,001472 seconds
  Import took 0,012161 seconds .

========================================================================
Received Import Request.
  Time since last request: 5,805766 seconds.
  path: Assets/Models/Free_SpeedTrees/Broadleaf_Mobile.spm
  artifactKey: Guid(1e84b98fc4c200c4aa16e1ec38895673) Importer(815301076,1909f56bfc062723c751e8b465ee728b)
Start importing Assets/Models/Free_SpeedTrees/Broadleaf_Mobile.spm using Guid(1e84b98fc4c200c4aa16e1ec38895673) Importer(815301076,1909f56bfc062723c751e8b465ee728b)  -> (artifact id: 'c753e1f0c9b6def43aef1a72f1301027') in 1,103121 seconds
  Import took 1,114183 seconds .

========================================================================
Received Prepare
Registering precompiled user dll's ...
Registered in 0,005369 seconds.
Begin MonoManager ReloadAssembly
Native extension for LinuxStandalone target not found
Refreshing native plugins compatible for Editor in 1,25 ms, found 1 plugins.
Preloading 0 native plugins for Editor in 0,00 ms.
Invoked RoslynAnalysisRunner static constructor.
RoslynAnalysisRunner will not be running.
RoslynAnalysisRunner has terminated.
Mono: successfully reloaded assembly
- Completed reload, in  1,955 seconds
Platform modules already initialized, skipping
Shader 'Universal Render Pipeline/Particles/Lit': fallback shader 'Universal Render Pipeline/Particles/SimpleLit' not found
Refreshing native plugins compatible for Editor in 1,88 ms, found 1 plugins.
Preloading 0 native plugins for Editor in 0,00 ms.
Unloading 3809 Unused Serialized files (Serialized files now loaded: 0)
System memory in use before: 173,4 MB.
System memory in use after: 173,5 MB.

Unloading 37 unused Assets to reduce memory usage. Loaded Objects now: 4915.
Total: 9,487985 ms (FindLiveObjects: 0,819634 ms CreateObjectMapping: 0,486361 ms MarkObjects: 7,949957 ms  DeleteObjects: 0,228769 ms)

========================================================================
Received Import Request.
  Time since last request: 360,229862 seconds.
  path: Assets/Models/Free_SpeedTrees/Broadleaf_Desktop_Atlas.tga
  artifactKey: Guid(31018c739fc121f40904965bce982a7e) Importer(815301076,1909f56bfc062723c751e8b465ee728b)
Start importing Assets/Models/Free_SpeedTrees/Broadleaf_Desktop_Atlas.tga using Guid(31018c739fc121f40904965bce982a7e) Importer(815301076,1909f56bfc062723c751e8b465ee728b)  -> (artifact id: 'f76ce83aa562fd81e8604f7ea2f32c19') in 0,059674 seconds
  Import took 0,070378 seconds .

========================================================================
Received Import Request.
  Time since last request: 0,013669 seconds.
  path: Assets/Models/Free_SpeedTrees/Broadleaf_Desktop_Atlas.tga
  artifactKey: Guid(31018c739fc121f40904965bce982a7e) Importer(815301076,1909f56bfc062723c751e8b465ee728b)
Start importing Assets/Models/Free_SpeedTrees/Broadleaf_Desktop_Atlas.tga using Guid(31018c739fc121f40904965bce982a7e) Importer(815301076,1909f56bfc062723c751e8b465ee728b)  -> (artifact id: 'f76ce83aa562fd81e8604f7ea2f32c19') in 0,007192 seconds
  Import took 0,018366 seconds .

========================================================================
Received Import Request.
  Time since last request: 1,542703 seconds.
  path: Assets/Models/Free_SpeedTrees/Broadleaf_Desktop_Atlas_Billboards.tga
  artifactKey: Guid(400cf02f268b02e4497feb50a409aaf6) Importer(815301076,1909f56bfc062723c751e8b465ee728b)
Start importing Assets/Models/Free_SpeedTrees/Broadleaf_Desktop_Atlas_Billboards.tga using Guid(400cf02f268b02e4497feb50a409aaf6) Importer(815301076,1909f56bfc062723c751e8b465ee728b)  -> (artifact id: '4210b23572816556f10fa5fa98c88c79') in 0,008108 seconds
  Import took 0,018586 seconds .

========================================================================
Received Import Request.
  Time since last request: 0,485263 seconds.
  path: Assets/Models/Free_SpeedTrees/Broadleaf_Desktop_Atlas_Billboards_Normal.tga
  artifactKey: Guid(9eee8eb4a2dc9b544acbad65d658bae6) Importer(815301076,1909f56bfc062723c751e8b465ee728b)
Start importing Assets/Models/Free_SpeedTrees/Broadleaf_Desktop_Atlas_Billboards_Normal.tga using Guid(9eee8eb4a2dc9b544acbad65d658bae6) Importer(815301076,1909f56bfc062723c751e8b465ee728b)  -> (artifact id: '74cb10dad7d5d6d8c501bf435253aaf6') in 0,018041 seconds
  Import took 0,029269 seconds .

========================================================================
Received Import Request.
  Time since last request: 0,503312 seconds.
  path: Assets/Models/Free_SpeedTrees/Broadleaf_Desktop_Atlas_Normal.tga
  artifactKey: Guid(95797b7ad77ef66488f0a638eb46b900) Importer(815301076,1909f56bfc062723c751e8b465ee728b)
Start importing Assets/Models/Free_SpeedTrees/Broadleaf_Desktop_Atlas_Normal.tga using Guid(95797b7ad77ef66488f0a638eb46b900) Importer(815301076,1909f56bfc062723c751e8b465ee728b)  -> (artifact id: 'b8bfa3c596e88aa4de7ba3e30c1e7637') in 0,009818 seconds
  Import took 0,021762 seconds .

========================================================================
Received Import Request.
  Time since last request: 0,506532 seconds.
  path: Assets/Models/Free_SpeedTrees/Broadleaf_Desktop_Atlas_Specular.tga
  artifactKey: Guid(331fab33425f2a443a5533996e30c2f3) Importer(815301076,1909f56bfc062723c751e8b465ee728b)
Start importing Assets/Models/Free_SpeedTrees/Broadleaf_Desktop_Atlas_Specular.tga using Guid(331fab33425f2a443a5533996e30c2f3) Importer(815301076,1909f56bfc062723c751e8b465ee728b)  -> (artifact id: '2f5452daba1a01404a29648275309995') in 0,007453 seconds
  Import took 0,016987 seconds .

========================================================================
Received Import Request.
  Time since last request: 1,405677 seconds.
  path: Assets/Models/Free_SpeedTrees/Broadleaf_Mobile_Atlas.tga
  artifactKey: Guid(aff229c1761713249bcd47b52eae7b9d) Importer(815301076,1909f56bfc062723c751e8b465ee728b)
Start importing Assets/Models/Free_SpeedTrees/Broadleaf_Mobile_Atlas.tga using Guid(aff229c1761713249bcd47b52eae7b9d) Importer(815301076,1909f56bfc062723c751e8b465ee728b)  -> (artifact id: 'a8ecd00fc812fe86d1e4ebf6c652d046') in 0,008752 seconds
  Import took 0,018543 seconds .

========================================================================
Received Import Request.
  Time since last request: 1,263590 seconds.
  path: Assets/Models/Free_SpeedTrees/Broadleaf_Mobile_Atlas_Billboards.tga
  artifactKey: Guid(e9d5f83e9143624479658513c3542ddb) Importer(815301076,1909f56bfc062723c751e8b465ee728b)
Start importing Assets/Models/Free_SpeedTrees/Broadleaf_Mobile_Atlas_Billboards.tga using Guid(e9d5f83e9143624479658513c3542ddb) Importer(815301076,1909f56bfc062723c751e8b465ee728b)  -> (artifact id: 'd241a47ac9851ddd7d31f42f8d2bcc62') in 0,009302 seconds
  Import took 0,023920 seconds .

========================================================================
Received Import Request.
  Time since last request: 0,854286 seconds.
  path: Assets/Models/Free_SpeedTrees/Broadleaf_Mobile_Atlas_Billboards_Normal.tga
  artifactKey: Guid(d08ed16db3ffed749b2a182a220ec7e8) Importer(815301076,1909f56bfc062723c751e8b465ee728b)
Start importing Assets/Models/Free_SpeedTrees/Broadleaf_Mobile_Atlas_Billboards_Normal.tga using Guid(d08ed16db3ffed749b2a182a220ec7e8) Importer(815301076,1909f56bfc062723c751e8b465ee728b)  -> (artifact id: '1df293558a96b59acaa065822ca588b8') in 0,009388 seconds
  Import took 0,022567 seconds .

========================================================================
Received Import Request.
  Time since last request: 0,667748 seconds.
  path: Assets/Models/Free_SpeedTrees/Broadleaf_Mobile_Atlas_Normal.tga
  artifactKey: Guid(cae8ecee60430f64b90c5796b575e166) Importer(815301076,1909f56bfc062723c751e8b465ee728b)
Start importing Assets/Models/Free_SpeedTrees/Broadleaf_Mobile_Atlas_Normal.tga using Guid(cae8ecee60430f64b90c5796b575e166) Importer(815301076,1909f56bfc062723c751e8b465ee728b)  -> (artifact id: 'e9c16f56bebbcf922c4c522ebb2bbf0c') in 0,007889 seconds
  Import took 0,019502 seconds .

========================================================================
Received Import Request.
  Time since last request: 1,041268 seconds.
  path: Assets/Models/Free_SpeedTrees/Broadleaf_Mobile_Atlas_Specular.tga
  artifactKey: Guid(2fae588f60ac4474ea0fb25519d51427) Importer(815301076,1909f56bfc062723c751e8b465ee728b)
Start importing Assets/Models/Free_SpeedTrees/Broadleaf_Mobile_Atlas_Specular.tga using Guid(2fae588f60ac4474ea0fb25519d51427) Importer(815301076,1909f56bfc062723c751e8b465ee728b)  -> (artifact id: '6952dd3c0bf0671057179b836518f89d') in 0,008834 seconds
  Import took 0,019308 seconds .

========================================================================
Received Import Request.
  Time since last request: 0,221567 seconds.
  path: Assets/Models/Free_SpeedTrees/BroadleafBark.tga
  artifactKey: Guid(8388ef004037cfb4bb078b578e3ed979) Importer(815301076,1909f56bfc062723c751e8b465ee728b)
Start importing Assets/Models/Free_SpeedTrees/BroadleafBark.tga using Guid(8388ef004037cfb4bb078b578e3ed979) Importer(815301076,1909f56bfc062723c751e8b465ee728b)  -> (artifact id: 'ce8c3dab82cd9bf2b42572b97b122bd8') in 0,006432 seconds
  Import took 0,017885 seconds .

========================================================================
Received Import Request.
  Time since last request: 0,646508 seconds.
  path: Assets/Models/Free_SpeedTrees/BroadleafBark_Normal.tga
  artifactKey: Guid(1f5ec39442ecd0743b110eccfc24d442) Importer(815301076,1909f56bfc062723c751e8b465ee728b)
Start importing Assets/Models/Free_SpeedTrees/BroadleafBark_Normal.tga using Guid(1f5ec39442ecd0743b110eccfc24d442) Importer(815301076,1909f56bfc062723c751e8b465ee728b)  -> (artifact id: '031a0c805e4ca1f8b76601d2d15c225a') in 0,005092 seconds
  Import took 0,018124 seconds .

========================================================================
Received Import Request.
  Time since last request: 0,600738 seconds.
  path: Assets/Models/Free_SpeedTrees/Broadleaves.obj
  artifactKey: Guid(cf3c778055c27074b849beaac044a88b) Importer(815301076,1909f56bfc062723c751e8b465ee728b)
Start importing Assets/Models/Free_SpeedTrees/Broadleaves.obj using Guid(cf3c778055c27074b849beaac044a88b) Importer(815301076,1909f56bfc062723c751e8b465ee728b)  -> (artifact id: '0abf143ad4ab2728233399072b6384b0') in 0,265233 seconds
  Import took 0,275308 seconds .

========================================================================
Received Import Request.
  Time since last request: 89,875475 seconds.
  path: Assets/Models/Free_SpeedTrees/Broadleaf_Mobile.spm
  artifactKey: Guid(1e84b98fc4c200c4aa16e1ec38895673) Importer(815301076,1909f56bfc062723c751e8b465ee728b)
Start importing Assets/Models/Free_SpeedTrees/Broadleaf_Mobile.spm using Guid(1e84b98fc4c200c4aa16e1ec38895673) Importer(815301076,1909f56bfc062723c751e8b465ee728b)  -> (artifact id: 'a0d56c462b749a2e5328ef10be680b58') in 0,094530 seconds
  Import took 0,104632 seconds .

========================================================================
Received Import Request.
  Time since last request: 2,717552 seconds.
  path: Assets/Models/Free_SpeedTrees/Broadleaf_Desktop.spm
  artifactKey: Guid(b6972eaa35c2e574e8ab5083a59d8459) Importer(815301076,1909f56bfc062723c751e8b465ee728b)
Start importing Assets/Models/Free_SpeedTrees/Broadleaf_Desktop.spm using Guid(b6972eaa35c2e574e8ab5083a59d8459) Importer(815301076,1909f56bfc062723c751e8b465ee728b)  -> (artifact id: 'aad440d768a104ed700a4444b30f4bcd') in 0,481656 seconds
  Import took 0,491439 seconds .

========================================================================
Received Import Request.
  Time since last request: 53,004424 seconds.
  path: Assets/Models/Snowy_Low_Poly_Trees
  artifactKey: Guid(60d91ef8fc93d9f64a2bdb71be87c5d8) Importer(815301076,1909f56bfc062723c751e8b465ee728b)
Start importing Assets/Models/Snowy_Low_Poly_Trees using Guid(60d91ef8fc93d9f64a2bdb71be87c5d8) Importer(815301076,1909f56bfc062723c751e8b465ee728b)  -> (artifact id: '279ffae32d25e9180f47bc33508518e1') in 0,001012 seconds
  Import took 0,013445 seconds .

========================================================================
Received Import Request.
  Time since last request: 37,402350 seconds.
  path: Assets/Models/Free_SpeedTrees/Conifer_Desktop Materials/LOD1
  artifactKey: Guid(cf3ec14f3895e024eabd16a60d168871) Importer(815301076,1909f56bfc062723c751e8b465ee728b)
Start importing Assets/Models/Free_SpeedTrees/Conifer_Desktop Materials/LOD1 using Guid(cf3ec14f3895e024eabd16a60d168871) Importer(815301076,1909f56bfc062723c751e8b465ee728b)  -> (artifact id: '4803be5091aa7a058c492613e6e4130a') in 0,001079 seconds
  Import took 0,013094 seconds .

========================================================================
Received Import Request.
  Time since last request: 84,700387 seconds.
  path: Assets/Models/Free_SpeedTrees/Broadleaf_Mobile Materials/LOD0
  artifactKey: Guid(fce8fc399c17c1146a9665f4f67487ea) Importer(815301076,1909f56bfc062723c751e8b465ee728b)
Start importing Assets/Models/Free_SpeedTrees/Broadleaf_Mobile Materials/LOD0 using Guid(fce8fc399c17c1146a9665f4f67487ea) Importer(815301076,1909f56bfc062723c751e8b465ee728b)  -> (artifact id: '6890fff0221492bfcf3a74212dbbfdfd') in 0,000731 seconds
  Import took 0,010186 seconds .

========================================================================
Received Import Request.
  Time since last request: 40,181880 seconds.
  path: Assets/Models/Free_SpeedTrees/Broadleaf_Mobile.spm
  artifactKey: Guid(1e84b98fc4c200c4aa16e1ec38895673) Importer(815301076,1909f56bfc062723c751e8b465ee728b)
Start importing Assets/Models/Free_SpeedTrees/Broadleaf_Mobile.spm using Guid(1e84b98fc4c200c4aa16e1ec38895673) Importer(815301076,1909f56bfc062723c751e8b465ee728b)  -> (artifact id: '3e9c3eddb6131822dc67769b27f67f0d') in 0,072147 seconds
  Import took 0,081802 seconds .

========================================================================
Received Import Request.
  Time since last request: 7,659561 seconds.
  path: Assets/Models/Free_SpeedTrees/Broadleaf_Mobile.spm
  artifactKey: Guid(1e84b98fc4c200c4aa16e1ec38895673) Importer(815301076,1909f56bfc062723c751e8b465ee728b)
Start importing Assets/Models/Free_SpeedTrees/Broadleaf_Mobile.spm using Guid(1e84b98fc4c200c4aa16e1ec38895673) Importer(815301076,1909f56bfc062723c751e8b465ee728b)  -> (artifact id: '88b6b25053cefd217dba73d1af24a472') in 0,074845 seconds
  Import took 0,085170 seconds .

========================================================================
Received Prepare
Registering precompiled user dll's ...
Registered in 0,005107 seconds.
Begin MonoManager ReloadAssembly
Native extension for LinuxStandalone target not found
Refreshing native plugins compatible for Editor in 1,14 ms, found 1 plugins.
Preloading 0 native plugins for Editor in 0,00 ms.
Invoked RoslynAnalysisRunner static constructor.
RoslynAnalysisRunner will not be running.
RoslynAnalysisRunner has terminated.
Mono: successfully reloaded assembly
- Completed reload, in  1,733 seconds
Platform modules already initialized, skipping
Shader 'Universal Render Pipeline/Particles/Lit': fallback shader 'Universal Render Pipeline/Particles/SimpleLit' not found
Refreshing native plugins compatible for Editor in 1,89 ms, found 1 plugins.
Preloading 0 native plugins for Editor in 0,00 ms.
Unloading 3803 Unused Serialized files (Serialized files now loaded: 0)
System memory in use before: 173,5 MB.
System memory in use after: 173,6 MB.

Unloading 37 unused Assets to reduce memory usage. Loaded Objects now: 4957.
Total: 10,808552 ms (FindLiveObjects: 0,833118 ms CreateObjectMapping: 0,587913 ms MarkObjects: 9,161732 ms  DeleteObjects: 0,222588 ms)

========================================================================
Received Import Request.
  Time since last request: 54,638440 seconds.
  path: Assets/Models/Free_SpeedTrees/Broadleaf_Mobile.spm
  artifactKey: Guid(1e84b98fc4c200c4aa16e1ec38895673) Importer(815301076,1909f56bfc062723c751e8b465ee728b)
Start importing Assets/Models/Free_SpeedTrees/Broadleaf_Mobile.spm using Guid(1e84b98fc4c200c4aa16e1ec38895673) Importer(815301076,1909f56bfc062723c751e8b465ee728b)  -> (artifact id: '3661ba2a9d6f58a4497aff98f5168a10') in 0,477723 seconds
  Import took 0,493311 seconds .

AssetImportWorkerClient::OnTransportError - code=2 error=End of file
